<?xml version="1.0" encoding="UTF-8"?>
<!-- Generated by org.testng.reporters.JUnitReportReporter -->
<testsuite hostname="DESKTOP-4SBDI3I" failures="0" tests="1" name="testcases.Findcartest" time="14.467" errors="0" timestamp="2023-11-21T18:26:56 IST" skipped="0">
  <testcase classname="testcases.Findcartest" name="findCarTest" time="14.467"/>
  <system-out/>
</testsuite> <!-- testcases.Findcartest -->
